0	00:00:14.409	EURUSD_EA EURUSD,H1: uninit reason 2
0	00:00:14.409	Expert EURUSD_EA EURUSD,H1: removed
0	00:00:14.425	Expert AustinEA\EURUSD_EA EURUSD,H1: loaded successfully
0	00:00:14.441	EURUSD_EA EURUSD,H1: initialized
0	00:02:53.323	EURUSD_EA EURUSD,H1: uninit reason 2
0	00:02:53.323	Expert EURUSD_EA EURUSD,H1: removed
0	00:02:53.339	Expert AustinEA\EURUSD_EA EURUSD,H1: loaded successfully
0	00:02:53.354	EURUSD_EA EURUSD,H1: initialized
0	00:27:00.743	EURUSD_EA EURUSD,H1: uninit reason 2
0	00:27:00.743	Expert EURUSD_EA EURUSD,H1: removed
0	00:27:00.759	Expert AustinEA\EURUSD_EA EURUSD,H1: loaded successfully
0	00:27:00.774	EURUSD_EA EURUSD,H1: initialized
0	00:35:19.538	EURUSD_EA EURUSD,H1: uninit reason 2
0	00:35:19.538	Expert EURUSD_EA EURUSD,H1: removed
0	00:35:19.554	Expert AustinEA\EURUSD_EA EURUSD,H1: loaded successfully
0	00:35:19.569	EURUSD_EA EURUSD,H1: initialized
0	00:36:44.322	EURUSD_EA EURUSD,H1: uninit reason 2
0	00:36:44.322	Expert EURUSD_EA EURUSD,H1: removed
0	00:36:44.337	Expert AustinEA\EURUSD_EA EURUSD,H1: loaded successfully
0	00:36:44.337	EURUSD_EA EURUSD,H1: initialized
0	00:43:04.125	EURUSD_EA EURUSD,H1: uninit reason 2
0	00:43:04.125	Expert EURUSD_EA EURUSD,H1: removed
0	00:43:04.141	Expert AustinEA\EURUSD_EA EURUSD,H1: loaded successfully
0	00:43:04.156	EURUSD_EA EURUSD,H1: initialized
0	01:06:11.434	EURUSD_EA EURUSD,H1: uninit reason 2
0	01:06:11.434	Expert EURUSD_EA EURUSD,H1: removed
0	01:06:11.449	Expert AustinEA\EURUSD_EA EURUSD,H1: loaded successfully
0	01:06:11.449	EURUSD_EA EURUSD,H1: initialized
0	01:06:54.863	EURUSD_EA EURUSD,H1: uninit reason 2
0	01:06:54.878	Expert EURUSD_EA EURUSD,H1: removed
0	01:06:54.878	Expert AustinEA\EURUSD_EA EURUSD,H1: loaded successfully
0	01:06:54.894	EURUSD_EA EURUSD,H1: initialized
0	01:10:55.751	EURUSD_EA EURUSD,H1: uninit reason 2
0	01:10:55.766	Expert EURUSD_EA EURUSD,H1: removed
0	01:10:55.766	Expert AustinEA\EURUSD_EA EURUSD,H1: loaded successfully
0	01:10:55.782	EURUSD_EA EURUSD,H1: initialized
0	01:15:05.219	EURUSD_EA EURUSD,H1: uninit reason 2
0	01:15:05.235	Expert EURUSD_EA EURUSD,H1: removed
0	01:15:05.235	Expert AustinEA\EURUSD_EA EURUSD,H1: loaded successfully
0	01:15:05.250	EURUSD_EA EURUSD,H1: initialized
0	01:15:40.927	EURUSD_EA EURUSD,H1: uninit reason 2
0	01:15:40.927	Expert EURUSD_EA EURUSD,H1: removed
0	01:15:40.942	Expert AustinEA\EURUSD_EA EURUSD,H1: loaded successfully
0	01:15:40.942	EURUSD_EA EURUSD,H1: initialized
0	01:20:13.559	EURUSD_EA EURUSD,H1: uninit reason 2
0	01:20:13.559	Expert EURUSD_EA EURUSD,H1: removed
0	01:20:13.559	Expert AustinEA\EURUSD_EA EURUSD,H1: loaded successfully
0	01:20:13.575	EURUSD_EA EURUSD,H1: initialized
0	01:21:23.945	EURUSD_EA EURUSD,H1: uninit reason 2
0	01:21:23.945	Expert EURUSD_EA EURUSD,H1: removed
0	01:21:23.960	Expert AustinEA\EURUSD_EA EURUSD,H1: loaded successfully
0	01:21:23.976	EURUSD_EA EURUSD,H1: initialized
2	01:21:49.122	EURUSD_EA EURUSD,H1: close #31241554 sell 0.01 EURUSD at 1.23050 at price 1.22934
0	01:21:49.122	EURUSD_EA EURUSD,H1: close order ok!!!
0	01:22:28.199	EURUSD_EA EURUSD,H1: uninit reason 2
0	01:22:28.214	Expert EURUSD_EA EURUSD,H1: removed
0	01:22:28.230	Expert AustinEA\EURUSD_EA EURUSD,H1: loaded successfully
0	01:22:28.230	EURUSD_EA EURUSD,H1: initialized
0	01:26:32.551	EURUSD_EA EURUSD,H1: uninit reason 9
0	01:26:32.567	Expert EURUSD_EA EURUSD,H1: removed
