0	00:01:34.274	test2 EURUSD,H1: uninit reason 2
0	00:01:34.274	Expert test2 EURUSD,H1: removed
0	00:01:34.290	Expert test2 EURUSD,H1: loaded successfully
0	00:01:34.305	test2 EURUSD,H1: initialized
0	00:03:16.982	test2 EURUSD,H1: uninit reason 1
0	00:03:16.997	Expert test2 EURUSD,H1: removed
0	00:03:16.997	Expert test EURUSD,H1: loaded successfully
0	00:03:18.526	test EURUSD,H1: initialized
0	00:04:44.025	test EURUSD,H1: uninit reason 4
0	00:04:44.025	Expert test EURUSD,H1: removed
0	15:57:39.450	Expert test EURUSD,H1: loaded successfully
0	15:57:47.487	test EURUSD,H1: initialized
0	15:59:23.880	test EURUSD,H1: uninit reason 2
0	15:59:23.880	Expert test EURUSD,H1: removed
0	15:59:23.896	Expert test EURUSD,H1: loaded successfully
0	15:59:26.360	test EURUSD,H1: trend_h1:ProbabilityDistribution{result=1, probability_entries=[0=0.42352887838297687, 1=0.5764711216170231]}|trend_m30_3:ProbabilityDistribution{result=0, probability_entries=[0=0.5801736935598298, 1=0.41982630644017016]}|trend_m15_3:ProbabilityDistribution{result=0, probability_entries=[0=0.5304872131341413, 1=0.46951278686585873]}|trend_m5_3:ProbabilityDistribution{result=0, probability_entries=[0=0.5229495072269977, 1=0.47705049277300227]}
0	15:59:26.360	test EURUSD,H1: initialized
0	16:02:46.963	test EURUSD,H1: uninit reason 2
0	16:02:46.963	Expert test EURUSD,H1: removed
0	16:02:46.995	Expert test EURUSD,H1: loaded successfully
0	16:02:49.838	test EURUSD,H1: trend_h11,0.4440141309279425,0.5559858690720575|trend_m30_30,0.5663491955371501,0.43365080446284987|trend_m15_30,0.5711078596730016,0.4288921403269984|trend_m5_30,0.5603881500670573,0.43961184993294267
0	16:02:49.838	test EURUSD,H1: initialized
0	16:06:15.656	test EURUSD,H1: uninit reason 2
0	16:06:15.656	Expert test EURUSD,H1: removed
0	16:06:15.687	Expert test EURUSD,H1: loaded successfully
0	16:06:17.716	test EURUSD,H1: 1,0.4440141309279425,0.5559858690720575|0,0.5663491955371501,0.43365080446284987|trend_m15_3:ProbabilityDistribution{result=0,0.5711078596730016,0.4288921403269984|0,0.5470931747103491,0.45290682528965087
0	16:06:17.716	test EURUSD,H1: initialized
0	16:07:42.960	test EURUSD,H1: uninit reason 2
0	16:07:42.975	Expert test EURUSD,H1: removed
0	16:07:42.991	Expert test EURUSD,H1: loaded successfully
0	16:07:46.298	test EURUSD,H1: 1, probability_entries=[0=0.4440141309279425, 1=0.5559858690720575]}|0, probability_entries=[0=0.5663491955371501, 1=0.43365080446284987]}|trend_m15_3:ProbabilityDistribution{result=0, probability_entries=[0=0.5711078596730016, 1=0.4288921403269984]}|0, probability_entries=[0=0.5470931747103491, 1=0.45290682528965087]}
0	16:07:46.298	test EURUSD,H1: initialized
0	16:08:29.994	test EURUSD,H1: uninit reason 2
0	16:08:29.994	Expert test EURUSD,H1: removed
0	16:08:30.010	Expert test EURUSD,H1: loaded successfully
0	16:08:30.977	test EURUSD,H1: 1, probability_entries=[0=0.4440141309279425, 1=0.5559858690720575]}|0, probability_entries=[0=0.5663491955371501, 1=0.43365080446284987]}|0, probability_entries=[0=0.5711078596730016, 1=0.4288921403269984]}|0, probability_entries=[0=0.5470931747103491, 1=0.45290682528965087]}
0	16:08:30.977	test EURUSD,H1: initialized
0	16:09:06.047	test EURUSD,H1: uninit reason 2
0	16:09:06.062	Expert test EURUSD,H1: removed
0	16:09:06.062	Expert test EURUSD,H1: loaded successfully
0	16:09:08.465	test EURUSD,H1: 1, 0.4440141309279425, 0.5559858690720575|0, 0.5663491955371501, 0.43365080446284987|0, 0.5711078596730016, 0.4288921403269984|0, 0.5470931747103491, 0.45290682528965087
0	16:09:08.465	test EURUSD,H1: initialized
0	16:09:54.220	test EURUSD,H1: uninit reason 2
0	16:09:54.220	Expert test EURUSD,H1: removed
0	16:09:54.235	Expert test EURUSD,H1: loaded successfully
0	16:09:55.702	test EURUSD,H1: 1,0.4440141309279425,0.55598586907205750,0.5663491955371501,0.433650804462849870,0.5711078596730016,0.42889214032699840,0.5470931747103491,0.45290682528965087
0	16:09:55.702	test EURUSD,H1: initialized
0	16:10:47.791	test EURUSD,H1: uninit reason 2
0	16:10:47.806	Expert test EURUSD,H1: removed
0	16:10:47.822	Expert test EURUSD,H1: loaded successfully
0	16:10:50.801	test EURUSD,H1: 1,0.4440141309279425,0.5559858690720575,0,0.5663491955371501,0.43365080446284987,0,0.5711078596730016,0.4288921403269984,0,0.5410933209639075,0.4589066790360925
0	16:10:50.801	test EURUSD,H1: initialized
0	19:06:23.680	test EURUSD,H1: uninit reason 4
0	19:06:23.680	Expert test EURUSD,H1: removed
0	19:10:55.177	Compiling 'test'
