0	17:01:11.811	Compiling 'EURUSD_EA'
0	17:01:36.584	Expert AustinEA\EURUSD_EA EURUSD,M1: loaded successfully
0	17:01:41.318	Expert EURUSD_EA EURUSD,M1: removed
0	22:49:44.722	Expert AustinEA\EURUSD_EA EURUSD,Daily: loaded successfully
0	22:49:50.291	EURUSD_EA EURUSD,Daily: initialized
0	22:50:35.982	EURUSD_EA EURUSD,Daily: uninit reason 2
0	22:50:35.982	Expert EURUSD_EA EURUSD,Daily: removed
0	22:50:35.997	Expert AustinEA\EURUSD_EA EURUSD,Daily: loaded successfully
0	22:50:36.013	EURUSD_EA EURUSD,Daily: initialized
0	22:50:43.782	EURUSD_EA EURUSD,Daily: uninit reason 3
0	22:50:44.811	EURUSD_EA EURUSD,M1: initialized
0	22:50:47.151	EURUSD_EA EURUSD,M1: uninit reason 3
0	22:50:47.167	EURUSD_EA EURUSD,M5: initialized
0	22:50:48.914	EURUSD_EA EURUSD,M5: uninit reason 3
0	22:50:48.929	EURUSD_EA EURUSD,M1: initialized
0	22:50:50.380	EURUSD_EA EURUSD,M1: uninit reason 3
0	22:50:50.396	EURUSD_EA EURUSD,M5: initialized
0	22:51:24.169	EURUSD_EA EURUSD,M5: uninit reason 3
0	22:51:24.184	EURUSD_EA EURUSD,H1: initialized
0	22:51:26.259	EURUSD_EA EURUSD,H1: uninit reason 3
0	22:51:26.571	EURUSD_EA EURUSD,M30: initialized
0	22:51:28.334	EURUSD_EA EURUSD,M30: uninit reason 3
0	22:51:29.348	EURUSD_EA EURUSD,M15: initialized
0	22:51:33.575	EURUSD_EA EURUSD,M15: uninit reason 3
0	22:51:33.591	EURUSD_EA EURUSD,M5: initialized
0	22:58:08.495	EURUSD_EA EURUSD,M5: uninit reason 2
0	22:58:08.495	Expert EURUSD_EA EURUSD,M5: removed
0	22:58:08.511	Expert AustinEA\EURUSD_EA EURUSD,M5: loaded successfully
0	22:58:08.511	EURUSD_EA EURUSD,M5: initialized
0	23:01:42.537	EURUSD_EA EURUSD,M5: uninit reason 2
0	23:01:42.552	Expert EURUSD_EA EURUSD,M5: removed
0	23:01:42.552	Expert AustinEA\EURUSD_EA EURUSD,M5: loaded successfully
0	23:01:42.568	EURUSD_EA EURUSD,M5: initialized
0	23:06:16.262	EURUSD_EA EURUSD,M5: uninit reason 2
0	23:06:16.262	Expert EURUSD_EA EURUSD,M5: removed
0	23:06:16.278	Expert AustinEA\EURUSD_EA EURUSD,M5: loaded successfully
0	23:06:16.278	EURUSD_EA EURUSD,M5: initialized
0	23:09:21.044	EURUSD_EA EURUSD,M5: uninit reason 2
0	23:09:21.044	Expert EURUSD_EA EURUSD,M5: removed
0	23:09:21.059	Expert AustinEA\EURUSD_EA EURUSD,M5: loaded successfully
0	23:09:21.059	EURUSD_EA EURUSD,M5: initialized
0	23:10:21.274	EURUSD_EA EURUSD,M5: uninit reason 3
0	23:10:21.633	EURUSD_EA EURUSD,M1: initialized
0	23:10:26.905	EURUSD_EA EURUSD,M1: uninit reason 3
0	23:10:26.921	EURUSD_EA EURUSD,M5: initialized
0	23:11:59.443	EURUSD_EA EURUSD,M5: uninit reason 2
0	23:11:59.443	Expert EURUSD_EA EURUSD,M5: removed
0	23:11:59.458	Expert AustinEA\EURUSD_EA EURUSD,M5: loaded successfully
0	23:11:59.474	EURUSD_EA EURUSD,M5: initialized
0	23:12:47.942	EURUSD_EA EURUSD,M5: uninit reason 2
0	23:12:47.942	Expert EURUSD_EA EURUSD,M5: removed
0	23:12:47.958	Expert AustinEA\EURUSD_EA EURUSD,M5: loaded successfully
0	23:12:47.973	EURUSD_EA EURUSD,M5: initialized
0	23:13:44.584	EURUSD_EA EURUSD,M5: uninit reason 3
0	23:13:44.584	EURUSD_EA EURUSD,H1: initialized
0	23:13:46.878	EURUSD_EA EURUSD,H1: uninit reason 3
0	23:13:47.221	EURUSD_EA EURUSD,M30: initialized
0	23:13:48.796	EURUSD_EA EURUSD,M30: uninit reason 3
0	23:13:49.140	EURUSD_EA EURUSD,M15: initialized
0	23:13:50.824	EURUSD_EA EURUSD,M15: uninit reason 3
0	23:13:50.840	EURUSD_EA EURUSD,M5: initialized
0	23:15:25.997	EURUSD_EA EURUSD,M5: uninit reason 3
0	23:15:26.013	EURUSD_EA EURUSD,H1: initialized
0	23:17:52.025	EURUSD_EA EURUSD,H1: uninit reason 2
0	23:17:52.025	Expert EURUSD_EA EURUSD,H1: removed
0	23:17:52.040	Expert AustinEA\EURUSD_EA EURUSD,H1: loaded successfully
0	23:17:52.056	EURUSD_EA EURUSD,H1: initialized
0	23:20:03.794	EURUSD_EA EURUSD,H1: uninit reason 2
0	23:20:03.794	Expert EURUSD_EA EURUSD,H1: removed
0	23:20:03.810	Expert AustinEA\EURUSD_EA EURUSD,H1: loaded successfully
0	23:20:03.825	EURUSD_EA EURUSD,H1: initialized
0	23:21:18.563	EURUSD_EA EURUSD,H1: uninit reason 2
0	23:21:18.563	Expert EURUSD_EA EURUSD,H1: removed
0	23:21:18.579	Expert AustinEA\EURUSD_EA EURUSD,H1: loaded successfully
0	23:21:18.595	EURUSD_EA EURUSD,H1: initialized
0	23:24:28.270	EURUSD_EA EURUSD,H1: uninit reason 2
0	23:24:28.270	Expert EURUSD_EA EURUSD,H1: removed
0	23:24:28.286	Expert AustinEA\EURUSD_EA EURUSD,H1: loaded successfully
0	23:24:28.301	EURUSD_EA EURUSD,H1: initialized
0	23:24:43.636	EURUSD_EA EURUSD,H1: uninit reason 3
0	23:24:43.979	EURUSD_EA EURUSD,M30: initialized
0	23:24:51.280	EURUSD_EA EURUSD,M30: uninit reason 1
0	23:24:51.295	Expert EURUSD_EA EURUSD,M30: removed
0	23:24:51.295	Expert AustinEA\EURUSD_EA EURUSD,M30: loaded successfully
0	23:24:53.136	EURUSD_EA EURUSD,M30: initialized
0	23:25:25.552	EURUSD_EA EURUSD,M30: uninit reason 2
0	23:25:25.552	Expert EURUSD_EA EURUSD,M30: removed
0	23:25:25.568	Expert AustinEA\EURUSD_EA EURUSD,M30: loaded successfully
0	23:25:25.584	EURUSD_EA EURUSD,M30: initialized
0	23:27:17.994	EURUSD_EA EURUSD,M30: uninit reason 2
0	23:27:17.994	Expert EURUSD_EA EURUSD,M30: removed
0	23:27:17.994	Expert AustinEA\EURUSD_EA EURUSD,M30: loaded successfully
0	23:27:18.010	EURUSD_EA EURUSD,M30: initialized
0	23:28:51.982	EURUSD_EA EURUSD,M30: uninit reason 3
0	23:28:51.998	EURUSD_EA EURUSD,H1: initialized
0	23:37:01.018	EURUSD_EA EURUSD,H1: uninit reason 2
0	23:37:01.018	Expert EURUSD_EA EURUSD,H1: removed
0	23:37:01.034	Expert AustinEA\EURUSD_EA EURUSD,H1: loaded successfully
0	23:37:01.050	EURUSD_EA EURUSD,H1: initialized
0	23:37:28.099	EURUSD_EA EURUSD,H1: uninit reason 2
0	23:37:28.099	Expert EURUSD_EA EURUSD,H1: removed
0	23:37:28.115	Expert AustinEA\EURUSD_EA EURUSD,H1: loaded successfully
0	23:37:28.130	EURUSD_EA EURUSD,H1: initialized
0	23:39:27.904	EURUSD_EA EURUSD,H1: uninit reason 2
0	23:39:27.904	Expert EURUSD_EA EURUSD,H1: removed
0	23:39:27.919	Expert AustinEA\EURUSD_EA EURUSD,H1: loaded successfully
0	23:39:27.935	EURUSD_EA EURUSD,H1: initialized
0	23:45:23.870	EURUSD_EA EURUSD,H1: uninit reason 2
0	23:45:23.870	Expert EURUSD_EA EURUSD,H1: removed
0	23:45:23.886	Expert AustinEA\EURUSD_EA EURUSD,H1: loaded successfully
0	23:45:23.901	EURUSD_EA EURUSD,H1: initialized
0	23:58:30.452	EURUSD_EA EURUSD,H1: uninit reason 2
0	23:58:30.452	Expert EURUSD_EA EURUSD,H1: removed
0	23:58:30.468	Expert AustinEA\EURUSD_EA EURUSD,H1: loaded successfully
0	23:58:30.484	EURUSD_EA EURUSD,H1: initialized
1	23:58:30.608	EURUSD_EA EURUSD,H1: zero divide in 'Order_Accounting.mqh' (135,66)
0	23:59:07.221	EURUSD_EA EURUSD,H1: uninit reason 2
0	23:59:07.221	Expert EURUSD_EA EURUSD,H1: removed
0	23:59:07.237	Expert AustinEA\EURUSD_EA EURUSD,H1: loaded successfully
0	23:59:07.253	EURUSD_EA EURUSD,H1: initialized
1	23:59:07.611	EURUSD_EA EURUSD,H1: zero divide in 'Order_Accounting.mqh' (135,66)
