0	00:05:08.515	Expert WooEA\AutoClose EURUSD,M5: loaded successfully
0	00:05:14.024	AutoClose EURUSD,M5: initialized
0	00:06:06.895	AutoClose EURUSD,M5: uninit reason 3
0	00:06:07.629	AutoClose EURUSD,M15: initialized
0	00:06:09.251	AutoClose EURUSD,M15: uninit reason 3
0	00:06:09.594	AutoClose EURUSD,M30: initialized
0	00:06:10.624	AutoClose EURUSD,M30: uninit reason 3
0	00:06:10.920	AutoClose EURUSD,H1: initialized
0	00:06:13.403	AutoClose EURUSD,H1: uninit reason 3
0	00:06:13.403	AutoClose EURUSD,M30: initialized
0	00:06:14.745	AutoClose EURUSD,M30: uninit reason 3
0	00:06:14.761	AutoClose EURUSD,M15: initialized
0	00:06:18.005	AutoClose EURUSD,M15: uninit reason 3
0	00:06:18.037	AutoClose EURUSD,M5: initialized
0	00:06:24.791	AutoClose EURUSD,M5: uninit reason 3
0	00:06:39.428	AutoClose EURUSD,M1: initialized
0	00:06:47.181	AutoClose EURUSD,M1: uninit reason 3
0	00:06:48.382	AutoClose EURUSD,M5: initialized
0	00:07:03.779	AutoClose EURUSD,M5: uninit reason 3
0	00:07:03.794	AutoClose EURUSD,M15: initialized
0	00:07:06.821	AutoClose EURUSD,M15: uninit reason 3
0	00:07:06.836	AutoClose EURUSD,M30: initialized
0	00:07:12.171	AutoClose EURUSD,M30: uninit reason 3
0	00:07:12.187	AutoClose EURUSD,H1: initialized
0	00:16:09.117	AutoClose EURUSD,H1: uninit reason 2
0	00:16:09.117	Expert AutoClose EURUSD,H1: removed
0	00:16:09.133	Expert WooEA\AutoClose EURUSD,H1: loaded successfully
0	00:16:09.164	AutoClose EURUSD,H1: initialized
0	00:16:10.022	AutoClose EURUSD,H1: ÐÞ¸ÄÊ§°Ü. Error code=130
0	00:16:10.085	AutoClose EURUSD,H1: ÐÞ¸ÄÊ§°Ü. Error code=130
0	00:16:10.303	AutoClose EURUSD,H1: ÐÞ¸ÄÊ§°Ü. Error code=130
0	00:16:11.442	AutoClose EURUSD,H1: ÐÞ¸ÄÊ§°Ü. Error code=130
0	00:16:11.520	AutoClose EURUSD,H1: ÐÞ¸ÄÊ§°Ü. Error code=130
0	00:16:11.598	AutoClose EURUSD,H1: ÐÞ¸ÄÊ§°Ü. Error code=130
0	00:16:11.707	AutoClose EURUSD,H1: ÐÞ¸ÄÊ§°Ü. Error code=130
0	00:16:11.816	AutoClose EURUSD,H1: ÐÞ¸ÄÊ§°Ü. Error code=130
0	00:16:14.515	AutoClose EURUSD,H1: ÐÞ¸ÄÊ§°Ü. Error code=130
0	00:16:21.020	AutoClose EURUSD,H1: ÐÞ¸ÄÊ§°Ü. Error code=130
0	00:16:21.192	AutoClose EURUSD,H1: ÐÞ¸ÄÊ§°Ü. Error code=130
0	00:16:21.379	AutoClose EURUSD,H1: ÐÞ¸ÄÊ§°Ü. Error code=130
0	00:16:21.441	AutoClose EURUSD,H1: ÐÞ¸ÄÊ§°Ü. Error code=130
0	00:16:21.519	AutoClose EURUSD,H1: ÐÞ¸ÄÊ§°Ü. Error code=130
0	00:16:22.237	AutoClose EURUSD,H1: ÐÞ¸ÄÊ§°Ü. Error code=130
0	00:16:23.984	AutoClose EURUSD,H1: ÐÞ¸ÄÊ§°Ü. Error code=130
0	00:16:24.155	AutoClose EURUSD,H1: ÐÞ¸ÄÊ§°Ü. Error code=130
0	00:16:24.935	AutoClose EURUSD,H1: uninit reason 4
0	00:16:24.935	Expert AutoClose EURUSD,H1: removed
0	00:16:46.575	Expert WooEA\AutoClose EURUSD,H1: loaded successfully
0	00:16:48.728	AutoClose EURUSD,H1: initialized
0	00:16:49.352	AutoClose EURUSD,H1: ÐÞ¸ÄÊ§°Ü. Error code=130
0	00:16:49.508	AutoClose EURUSD,H1: ÐÞ¸ÄÊ§°Ü. Error code=130
0	00:16:52.238	AutoClose EURUSD,H1: ÐÞ¸ÄÊ§°Ü. Error code=130
0	00:16:52.565	AutoClose EURUSD,H1: ÐÞ¸ÄÊ§°Ü. Error code=130
0	00:16:52.753	AutoClose EURUSD,H1: ÐÞ¸ÄÊ§°Ü. Error code=130
0	00:16:54.781	AutoClose EURUSD,H1: ÐÞ¸ÄÊ§°Ü. Error code=130
0	00:16:55.560	AutoClose EURUSD,H1: ÐÞ¸ÄÊ§°Ü. Error code=130
0	00:16:55.638	AutoClose EURUSD,H1: ÐÞ¸ÄÊ§°Ü. Error code=130
0	00:16:56.184	AutoClose EURUSD,H1: ÐÞ¸ÄÊ§°Ü. Error code=130
0	00:16:56.637	AutoClose EURUSD,H1: ÐÞ¸ÄÊ§°Ü. Error code=130
0	00:16:56.980	AutoClose EURUSD,H1: ÐÞ¸ÄÊ§°Ü. Error code=130
0	00:16:57.604	AutoClose EURUSD,H1: ÐÞ¸ÄÊ§°Ü. Error code=130
0	00:17:00.474	AutoClose EURUSD,H1: ÐÞ¸ÄÊ§°Ü. Error code=130
0	00:17:00.552	AutoClose EURUSD,H1: ÐÞ¸ÄÊ§°Ü. Error code=130
0	00:17:00.630	AutoClose EURUSD,H1: ÐÞ¸ÄÊ§°Ü. Error code=130
0	00:17:00.740	AutoClose EURUSD,H1: ÐÞ¸ÄÊ§°Ü. Error code=130
0	00:17:00.958	AutoClose EURUSD,H1: ÐÞ¸ÄÊ§°Ü. Error code=130
0	00:17:02.099	AutoClose EURUSD,H1: ÐÞ¸ÄÊ§°Ü. Error code=130
0	00:17:02.177	AutoClose EURUSD,H1: ÐÞ¸ÄÊ§°Ü. Error code=130
0	00:17:02.894	AutoClose EURUSD,H1: ÐÞ¸ÄÊ§°Ü. Error code=130
0	00:17:06.560	AutoClose EURUSD,H1: ÐÞ¸ÄÊ§°Ü. Error code=130
0	00:17:06.638	AutoClose EURUSD,H1: ÐÞ¸ÄÊ§°Ü. Error code=130
0	00:17:08.479	AutoClose EURUSD,H1: ÐÞ¸ÄÊ§°Ü. Error code=130
0	00:17:08.541	AutoClose EURUSD,H1: ÐÞ¸ÄÊ§°Ü. Error code=130
0	00:17:08.619	AutoClose EURUSD,H1: ÐÞ¸ÄÊ§°Ü. Error code=130
0	00:17:11.537	AutoClose EURUSD,H1: ÐÞ¸ÄÊ§°Ü. Error code=130
0	00:17:11.708	AutoClose EURUSD,H1: ÐÞ¸ÄÊ§°Ü. Error code=130
0	00:17:18.088	AutoClose EURUSD,H1: ÐÞ¸ÄÊ§°Ü. Error code=130
0	00:17:18.166	AutoClose EURUSD,H1: ÐÞ¸ÄÊ§°Ü. Error code=130
0	00:17:18.307	AutoClose EURUSD,H1: ÐÞ¸ÄÊ§°Ü. Error code=130
0	00:17:20.116	Automated trading disabled
3	00:17:26.580	AutoClose EURUSD,H1: trade operations not allowed by settings
0	00:17:26.580	AutoClose EURUSD,H1: ÐÞ¸ÄÊ§°Ü. Error code=4109
0	00:17:29.262	AutoClose EURUSD,H1: ÐÞ¸ÄÊ§°Ü. Error code=4109
0	00:17:29.564	AutoClose EURUSD,H1: ÐÞ¸ÄÊ§°Ü. Error code=4109
0	00:17:29.739	AutoClose EURUSD,H1: ÐÞ¸ÄÊ§°Ü. Error code=4109
0	00:17:29.932	AutoClose EURUSD,H1: ÐÞ¸ÄÊ§°Ü. Error code=4109
0	00:17:32.057	AutoClose EURUSD,H1: ÐÞ¸ÄÊ§°Ü. Error code=4109
0	00:17:36.746	AutoClose EURUSD,H1: ÐÞ¸ÄÊ§°Ü. Error code=4109
0	00:17:38.677	AutoClose EURUSD,H1: ÐÞ¸ÄÊ§°Ü. Error code=4109
0	00:17:39.364	AutoClose EURUSD,H1: ÐÞ¸ÄÊ§°Ü. Error code=4109
0	00:18:05.416	AutoClose EURUSD,H1: ÐÞ¸ÄÊ§°Ü. Error code=4109
0	00:18:06.493	AutoClose EURUSD,H1: ÐÞ¸ÄÊ§°Ü. Error code=4109
0	00:18:07.803	AutoClose EURUSD,H1: ÐÞ¸ÄÊ§°Ü. Error code=4109
0	00:18:11.375	AutoClose EURUSD,H1: ÐÞ¸ÄÊ§°Ü. Error code=4109
0	00:18:11.563	AutoClose EURUSD,H1: ÐÞ¸ÄÊ§°Ü. Error code=4109
0	00:18:11.641	AutoClose EURUSD,H1: ÐÞ¸ÄÊ§°Ü. Error code=4109
0	00:18:13.544	Automated trading enabled
0	00:18:13.934	AutoClose EURUSD,H1: ÐÞ¸ÄÊ§°Ü. Error code=130
0	00:18:14.355	AutoClose EURUSD,H1: ÐÞ¸ÄÊ§°Ü. Error code=130
0	00:18:14.994	AutoClose EURUSD,H1: ÐÞ¸ÄÊ§°Ü. Error code=130
0	00:18:16.398	AutoClose EURUSD,H1: ÐÞ¸ÄÊ§°Ü. Error code=130
0	00:18:16.492	Automated trading disabled
0	00:18:19.596	AutoClose EURUSD,H1: ÐÞ¸ÄÊ§°Ü. Error code=4109
0	00:18:19.752	AutoClose EURUSD,H1: ÐÞ¸ÄÊ§°Ü. Error code=4109
0	00:18:20.407	AutoClose EURUSD,H1: ÐÞ¸ÄÊ§°Ü. Error code=4109
0	00:18:24.963	AutoClose EURUSD,H1: ÐÞ¸ÄÊ§°Ü. Error code=4109
0	00:18:29.538	AutoClose EURUSD,H1: ÐÞ¸ÄÊ§°Ü. Error code=4109
0	00:18:34.914	AutoClose EURUSD,H1: ÐÞ¸ÄÊ§°Ü. Error code=4109
0	00:18:35.039	AutoClose EURUSD,H1: ÐÞ¸ÄÊ§°Ü. Error code=4109
0	00:18:35.148	AutoClose EURUSD,H1: ÐÞ¸ÄÊ§°Ü. Error code=4109
0	00:18:36.012	AutoClose EURUSD,H1: ÐÞ¸ÄÊ§°Ü. Error code=4109
0	00:18:38.336	AutoClose EURUSD,H1: ÐÞ¸ÄÊ§°Ü. Error code=4109
0	00:18:39.460	AutoClose EURUSD,H1: ÐÞ¸ÄÊ§°Ü. Error code=4109
0	00:18:42.533	AutoClose EURUSD,H1: ÐÞ¸ÄÊ§°Ü. Error code=4109
0	00:18:45.434	AutoClose EURUSD,H1: ÐÞ¸ÄÊ§°Ü. Error code=4109
0	00:18:48.554	AutoClose EURUSD,H1: ÐÞ¸ÄÊ§°Ü. Error code=4109
0	00:18:48.632	AutoClose EURUSD,H1: ÐÞ¸ÄÊ§°Ü. Error code=4109
0	00:18:48.741	AutoClose EURUSD,H1: ÐÞ¸ÄÊ§°Ü. Error code=4109
0	00:18:49.771	AutoClose EURUSD,H1: ÐÞ¸ÄÊ§°Ü. Error code=4109
0	00:18:53.952	AutoClose EURUSD,H1: ÐÞ¸ÄÊ§°Ü. Error code=4109
0	00:18:54.139	AutoClose EURUSD,H1: ÐÞ¸ÄÊ§°Ü. Error code=4109
0	00:19:00.457	AutoClose EURUSD,H1: ÐÞ¸ÄÊ§°Ü. Error code=4109
0	00:19:00.675	AutoClose EURUSD,H1: ÐÞ¸ÄÊ§°Ü. Error code=4109
0	00:19:00.784	AutoClose EURUSD,H1: ÐÞ¸ÄÊ§°Ü. Error code=4109
0	00:19:00.878	AutoClose EURUSD,H1: ÐÞ¸ÄÊ§°Ü. Error code=4109
0	00:19:00.956	AutoClose EURUSD,H1: ÐÞ¸ÄÊ§°Ü. Error code=4109
0	00:19:01.237	AutoClose EURUSD,H1: ÐÞ¸ÄÊ§°Ü. Error code=4109
0	00:19:01.346	AutoClose EURUSD,H1: ÐÞ¸ÄÊ§°Ü. Error code=4109
0	00:19:01.424	AutoClose EURUSD,H1: ÐÞ¸ÄÊ§°Ü. Error code=4109
0	00:19:01.502	AutoClose EURUSD,H1: ÐÞ¸ÄÊ§°Ü. Error code=4109
0	00:19:02.890	AutoClose EURUSD,H1: ÐÞ¸ÄÊ§°Ü. Error code=4109
0	00:19:02.984	AutoClose EURUSD,H1: ÐÞ¸ÄÊ§°Ü. Error code=4109
0	00:19:03.530	AutoClose EURUSD,H1: ÐÞ¸ÄÊ§°Ü. Error code=4109
0	00:19:06.998	AutoClose EURUSD,H1: ÐÞ¸ÄÊ§°Ü. Error code=4109
0	00:19:07.357	AutoClose EURUSD,H1: ÐÞ¸ÄÊ§°Ü. Error code=4109
0	00:19:12.427	AutoClose EURUSD,H1: ÐÞ¸ÄÊ§°Ü. Error code=4109
0	00:19:12.583	AutoClose EURUSD,H1: ÐÞ¸ÄÊ§°Ü. Error code=4109
0	00:19:12.676	AutoClose EURUSD,H1: ÐÞ¸ÄÊ§°Ü. Error code=4109
0	00:19:12.754	AutoClose EURUSD,H1: ÐÞ¸ÄÊ§°Ü. Error code=4109
0	00:19:13.612	AutoClose EURUSD,H1: ÐÞ¸ÄÊ§°Ü. Error code=4109
0	00:19:13.799	AutoClose EURUSD,H1: ÐÞ¸ÄÊ§°Ü. Error code=4109
0	00:19:14.611	AutoClose EURUSD,H1: ÐÞ¸ÄÊ§°Ü. Error code=4109
0	00:19:15.032	AutoClose EURUSD,H1: ÐÞ¸ÄÊ§°Ü. Error code=4109
0	00:19:15.484	AutoClose EURUSD,H1: ÐÞ¸ÄÊ§°Ü. Error code=4109
0	00:19:15.890	AutoClose EURUSD,H1: ÐÞ¸ÄÊ§°Ü. Error code=4109
0	00:19:16.436	AutoClose EURUSD,H1: ÐÞ¸ÄÊ§°Ü. Error code=4109
0	00:19:16.997	AutoClose EURUSD,H1: ÐÞ¸ÄÊ§°Ü. Error code=4109
0	00:19:17.325	AutoClose EURUSD,H1: ÐÞ¸ÄÊ§°Ü. Error code=4109
0	00:19:17.434	AutoClose EURUSD,H1: ÐÞ¸ÄÊ§°Ü. Error code=4109
0	00:19:18.386	AutoClose EURUSD,H1: ÐÞ¸ÄÊ§°Ü. Error code=4109
0	00:19:18.729	AutoClose EURUSD,H1: ÐÞ¸ÄÊ§°Ü. Error code=4109
0	00:19:18.807	AutoClose EURUSD,H1: ÐÞ¸ÄÊ§°Ü. Error code=4109
0	00:19:23.736	AutoClose EURUSD,H1: ÐÞ¸ÄÊ§°Ü. Error code=4109
0	00:19:23.846	AutoClose EURUSD,H1: ÐÞ¸ÄÊ§°Ü. Error code=4109
0	00:19:23.970	AutoClose EURUSD,H1: ÐÞ¸ÄÊ§°Ü. Error code=4109
0	00:19:24.080	AutoClose EURUSD,H1: ÐÞ¸ÄÊ§°Ü. Error code=4109
0	00:19:24.189	AutoClose EURUSD,H1: ÐÞ¸ÄÊ§°Ü. Error code=4109
0	00:19:24.298	AutoClose EURUSD,H1: ÐÞ¸ÄÊ§°Ü. Error code=4109
0	00:19:24.470	AutoClose EURUSD,H1: ÐÞ¸ÄÊ§°Ü. Error code=4109
0	00:19:24.579	AutoClose EURUSD,H1: ÐÞ¸ÄÊ§°Ü. Error code=4109
0	00:19:24.688	AutoClose EURUSD,H1: ÐÞ¸ÄÊ§°Ü. Error code=4109
0	00:19:24.813	AutoClose EURUSD,H1: ÐÞ¸ÄÊ§°Ü. Error code=4109
0	00:19:24.906	AutoClose EURUSD,H1: ÐÞ¸ÄÊ§°Ü. Error code=4109
0	00:19:25.016	AutoClose EURUSD,H1: ÐÞ¸ÄÊ§°Ü. Error code=4109
0	00:19:25.218	AutoClose EURUSD,H1: ÐÞ¸ÄÊ§°Ü. Error code=4109
0	00:19:25.328	AutoClose EURUSD,H1: ÐÞ¸ÄÊ§°Ü. Error code=4109
0	00:19:25.437	AutoClose EURUSD,H1: ÐÞ¸ÄÊ§°Ü. Error code=4109
0	00:19:25.546	AutoClose EURUSD,H1: ÐÞ¸ÄÊ§°Ü. Error code=4109
0	00:19:25.655	AutoClose EURUSD,H1: ÐÞ¸ÄÊ§°Ü. Error code=4109
0	00:19:26.591	AutoClose EURUSD,H1: ÐÞ¸ÄÊ§°Ü. Error code=4109
0	00:19:32.925	AutoClose EURUSD,H1: ÐÞ¸ÄÊ§°Ü. Error code=4109
0	00:19:34.940	AutoClose EURUSD,H1: ÐÞ¸ÄÊ§°Ü. Error code=4109
0	00:19:36.409	AutoClose EURUSD,H1: ÐÞ¸ÄÊ§°Ü. Error code=4109
0	00:19:37.392	AutoClose EURUSD,H1: ÐÞ¸ÄÊ§°Ü. Error code=4109
0	00:19:38.812	AutoClose EURUSD,H1: ÐÞ¸ÄÊ§°Ü. Error code=4109
0	00:19:38.983	AutoClose EURUSD,H1: ÐÞ¸ÄÊ§°Ü. Error code=4109
0	00:19:39.155	AutoClose EURUSD,H1: ÐÞ¸ÄÊ§°Ü. Error code=4109
0	00:19:44.318	AutoClose EURUSD,H1: ÐÞ¸ÄÊ§°Ü. Error code=4109
0	00:19:44.474	AutoClose EURUSD,H1: ÐÞ¸ÄÊ§°Ü. Error code=4109
0	00:19:44.662	AutoClose EURUSD,H1: ÐÞ¸ÄÊ§°Ü. Error code=4109
0	00:19:45.707	AutoClose EURUSD,H1: ÐÞ¸ÄÊ§°Ü. Error code=4109
0	00:19:45.769	AutoClose EURUSD,H1: ÐÞ¸ÄÊ§°Ü. Error code=4109
0	00:19:48.858	AutoClose EURUSD,H1: ÐÞ¸ÄÊ§°Ü. Error code=4109
0	00:19:48.936	AutoClose EURUSD,H1: ÐÞ¸ÄÊ§°Ü. Error code=4109
0	00:19:49.326	AutoClose EURUSD,H1: ÐÞ¸ÄÊ§°Ü. Error code=4109
0	00:19:55.379	AutoClose EURUSD,H1: ÐÞ¸ÄÊ§°Ü. Error code=4109
0	00:19:55.425	AutoClose EURUSD,H1: ÐÞ¸ÄÊ§°Ü. Error code=4109
0	00:19:55.519	AutoClose EURUSD,H1: ÐÞ¸ÄÊ§°Ü. Error code=4109
0	00:19:57.765	AutoClose EURUSD,H1: ÐÞ¸ÄÊ§°Ü. Error code=4109
0	00:20:00.105	AutoClose EURUSD,H1: ÐÞ¸ÄÊ§°Ü. Error code=4109
0	00:20:00.246	AutoClose EURUSD,H1: ÐÞ¸ÄÊ§°Ü. Error code=4109
0	00:20:00.542	AutoClose EURUSD,H1: ÐÞ¸ÄÊ§°Ü. Error code=4109
0	00:20:01.197	AutoClose EURUSD,H1: ÐÞ¸ÄÊ§°Ü. Error code=4109
0	00:20:01.431	AutoClose EURUSD,H1: ÐÞ¸ÄÊ§°Ü. Error code=4109
0	00:20:01.509	AutoClose EURUSD,H1: ÐÞ¸ÄÊ§°Ü. Error code=4109
0	00:20:01.587	AutoClose EURUSD,H1: ÐÞ¸ÄÊ§°Ü. Error code=4109
0	00:20:01.821	AutoClose EURUSD,H1: ÐÞ¸ÄÊ§°Ü. Error code=4109
0	00:20:01.915	AutoClose EURUSD,H1: ÐÞ¸ÄÊ§°Ü. Error code=4109
0	00:20:02.040	AutoClose EURUSD,H1: ÐÞ¸ÄÊ§°Ü. Error code=4109
0	00:20:02.476	AutoClose EURUSD,H1: ÐÞ¸ÄÊ§°Ü. Error code=4109
0	00:20:02.960	AutoClose EURUSD,H1: ÐÞ¸ÄÊ§°Ü. Error code=4109
0	00:20:04.177	AutoClose EURUSD,H1: ÐÞ¸ÄÊ§°Ü. Error code=4109
0	00:20:04.255	AutoClose EURUSD,H1: ÐÞ¸ÄÊ§°Ü. Error code=4109
0	00:20:04.348	AutoClose EURUSD,H1: ÐÞ¸ÄÊ§°Ü. Error code=4109
0	00:20:07.069	AutoClose EURUSD,H1: ÐÞ¸ÄÊ§°Ü. Error code=4109
0	00:20:07.147	AutoClose EURUSD,H1: ÐÞ¸ÄÊ§°Ü. Error code=4109
0	00:20:07.256	AutoClose EURUSD,H1: ÐÞ¸ÄÊ§°Ü. Error code=4109
0	00:20:08.036	AutoClose EURUSD,H1: ÐÞ¸ÄÊ§°Ü. Error code=4109
0	00:20:08.473	AutoClose EURUSD,H1: ÐÞ¸ÄÊ§°Ü. Error code=4109
0	00:20:08.535	AutoClose EURUSD,H1: ÐÞ¸ÄÊ§°Ü. Error code=4109
0	00:20:09.144	AutoClose EURUSD,H1: ÐÞ¸ÄÊ§°Ü. Error code=4109
0	00:20:09.222	AutoClose EURUSD,H1: ÐÞ¸ÄÊ§°Ü. Error code=4109
0	00:20:09.487	AutoClose EURUSD,H1: ÐÞ¸ÄÊ§°Ü. Error code=4109
0	00:20:09.596	AutoClose EURUSD,H1: ÐÞ¸ÄÊ§°Ü. Error code=4109
0	00:20:09.705	AutoClose EURUSD,H1: ÐÞ¸ÄÊ§°Ü. Error code=4109
0	00:20:09.877	AutoClose EURUSD,H1: ÐÞ¸ÄÊ§°Ü. Error code=4109
0	00:20:10.360	AutoClose EURUSD,H1: ÐÞ¸ÄÊ§°Ü. Error code=4109
0	00:20:11.983	AutoClose EURUSD,H1: ÐÞ¸ÄÊ§°Ü. Error code=4109
0	00:20:12.482	AutoClose EURUSD,H1: ÐÞ¸ÄÊ§°Ü. Error code=4109
0	00:20:19.049	AutoClose EURUSD,H1: ÐÞ¸ÄÊ§°Ü. Error code=4109
0	00:20:19.143	AutoClose EURUSD,H1: ÐÞ¸ÄÊ§°Ü. Error code=4109
0	00:20:19.221	AutoClose EURUSD,H1: ÐÞ¸ÄÊ§°Ü. Error code=4109
0	00:20:19.392	AutoClose EURUSD,H1: ÐÞ¸ÄÊ§°Ü. Error code=4109
0	00:20:22.793	AutoClose EURUSD,H1: ÐÞ¸ÄÊ§°Ü. Error code=4109
0	00:20:22.887	AutoClose EURUSD,H1: ÐÞ¸ÄÊ§°Ü. Error code=4109
0	00:20:22.980	AutoClose EURUSD,H1: ÐÞ¸ÄÊ§°Ü. Error code=4109
0	00:20:23.121	AutoClose EURUSD,H1: ÐÞ¸ÄÊ§°Ü. Error code=4109
0	00:20:26.038	AutoClose EURUSD,H1: ÐÞ¸ÄÊ§°Ü. Error code=4109
0	00:20:26.194	AutoClose EURUSD,H1: ÐÞ¸ÄÊ§°Ü. Error code=4109
0	00:20:26.287	AutoClose EURUSD,H1: ÐÞ¸ÄÊ§°Ü. Error code=4109
0	00:20:26.615	AutoClose EURUSD,H1: ÐÞ¸ÄÊ§°Ü. Error code=4109
0	00:20:26.771	AutoClose EURUSD,H1: ÐÞ¸ÄÊ§°Ü. Error code=4109
0	00:20:27.005	AutoClose EURUSD,H1: ÐÞ¸ÄÊ§°Ü. Error code=4109
0	00:20:27.395	AutoClose EURUSD,H1: ÐÞ¸ÄÊ§°Ü. Error code=4109
0	00:20:27.785	AutoClose EURUSD,H1: ÐÞ¸ÄÊ§°Ü. Error code=4109
0	00:20:28.596	AutoClose EURUSD,H1: ÐÞ¸ÄÊ§°Ü. Error code=4109
0	00:20:28.674	AutoClose EURUSD,H1: ÐÞ¸ÄÊ§°Ü. Error code=4109
0	00:20:28.783	AutoClose EURUSD,H1: ÐÞ¸ÄÊ§°Ü. Error code=4109
0	00:20:28.861	AutoClose EURUSD,H1: ÐÞ¸ÄÊ§°Ü. Error code=4109
0	00:20:29.579	AutoClose EURUSD,H1: ÐÞ¸ÄÊ§°Ü. Error code=4109
0	00:20:29.673	AutoClose EURUSD,H1: ÐÞ¸ÄÊ§°Ü. Error code=4109
0	00:20:30.172	AutoClose EURUSD,H1: ÐÞ¸ÄÊ§°Ü. Error code=4109
0	00:20:31.966	AutoClose EURUSD,H1: ÐÞ¸ÄÊ§°Ü. Error code=4109
0	00:20:32.091	AutoClose EURUSD,H1: ÐÞ¸ÄÊ§°Ü. Error code=4109
0	00:20:32.933	AutoClose EURUSD,H1: ÐÞ¸ÄÊ§°Ü. Error code=4109
0	00:20:33.557	AutoClose EURUSD,H1: ÐÞ¸ÄÊ§°Ü. Error code=4109
0	00:20:33.666	AutoClose EURUSD,H1: ÐÞ¸ÄÊ§°Ü. Error code=4109
0	00:20:33.775	AutoClose EURUSD,H1: ÐÞ¸ÄÊ§°Ü. Error code=4109
0	00:20:33.884	AutoClose EURUSD,H1: ÐÞ¸ÄÊ§°Ü. Error code=4109
0	00:20:33.994	AutoClose EURUSD,H1: ÐÞ¸ÄÊ§°Ü. Error code=4109
0	00:20:34.243	AutoClose EURUSD,H1: ÐÞ¸ÄÊ§°Ü. Error code=4109
0	00:20:34.399	AutoClose EURUSD,H1: ÐÞ¸ÄÊ§°Ü. Error code=4109
0	00:20:34.555	AutoClose EURUSD,H1: ÐÞ¸ÄÊ§°Ü. Error code=4109
0	00:20:34.664	AutoClose EURUSD,H1: ÐÞ¸ÄÊ§°Ü. Error code=4109
0	00:20:34.820	AutoClose EURUSD,H1: ÐÞ¸ÄÊ§°Ü. Error code=4109
0	00:20:34.930	AutoClose EURUSD,H1: ÐÞ¸ÄÊ§°Ü. Error code=4109
0	00:20:35.039	AutoClose EURUSD,H1: ÐÞ¸ÄÊ§°Ü. Error code=4109
0	00:20:35.273	AutoClose EURUSD,H1: ÐÞ¸ÄÊ§°Ü. Error code=4109
0	00:20:35.366	AutoClose EURUSD,H1: ÐÞ¸ÄÊ§°Ü. Error code=4109
0	00:20:35.918	AutoClose EURUSD,H1: ÐÞ¸ÄÊ§°Ü. Error code=4109
0	00:20:36.698	AutoClose EURUSD,H1: ÐÞ¸ÄÊ§°Ü. Error code=4109
0	00:20:37.042	AutoClose EURUSD,H1: ÐÞ¸ÄÊ§°Ü. Error code=4109
0	00:20:37.213	AutoClose EURUSD,H1: ÐÞ¸ÄÊ§°Ü. Error code=4109
0	00:20:37.307	AutoClose EURUSD,H1: ÐÞ¸ÄÊ§°Ü. Error code=4109
0	00:20:37.369	AutoClose EURUSD,H1: ÐÞ¸ÄÊ§°Ü. Error code=4109
0	00:20:37.463	AutoClose EURUSD,H1: ÐÞ¸ÄÊ§°Ü. Error code=4109
0	00:20:37.541	AutoClose EURUSD,H1: ÐÞ¸ÄÊ§°Ü. Error code=4109
0	00:20:39.569	AutoClose EURUSD,H1: ÐÞ¸ÄÊ§°Ü. Error code=4109
0	00:20:41.098	AutoClose EURUSD,H1: ÐÞ¸ÄÊ§°Ü. Error code=4109
0	00:20:44.093	AutoClose EURUSD,H1: ÐÞ¸ÄÊ§°Ü. Error code=4109
0	00:20:44.436	AutoClose EURUSD,H1: ÐÞ¸ÄÊ§°Ü. Error code=4109
0	00:20:47.743	AutoClose EURUSD,H1: ÐÞ¸ÄÊ§°Ü. Error code=4109
0	00:20:47.821	AutoClose EURUSD,H1: ÐÞ¸ÄÊ§°Ü. Error code=4109
0	00:20:52.017	AutoClose EURUSD,H1: ÐÞ¸ÄÊ§°Ü. Error code=4109
0	00:20:52.095	AutoClose EURUSD,H1: ÐÞ¸ÄÊ§°Ü. Error code=4109
0	00:20:52.797	AutoClose EURUSD,H1: ÐÞ¸ÄÊ§°Ü. Error code=4109
0	00:20:53.312	AutoClose EURUSD,H1: ÐÞ¸ÄÊ§°Ü. Error code=4109
0	00:20:53.437	AutoClose EURUSD,H1: ÐÞ¸ÄÊ§°Ü. Error code=4109
0	00:20:53.827	AutoClose EURUSD,H1: ÐÞ¸ÄÊ§°Ü. Error code=4109
0	00:20:53.936	AutoClose EURUSD,H1: ÐÞ¸ÄÊ§°Ü. Error code=4109
0	00:20:54.154	AutoClose EURUSD,H1: ÐÞ¸ÄÊ§°Ü. Error code=4109
0	00:20:54.888	AutoClose EURUSD,H1: ÐÞ¸ÄÊ§°Ü. Error code=4109
0	00:20:55.122	AutoClose EURUSD,H1: ÐÞ¸ÄÊ§°Ü. Error code=4109
0	00:21:00.706	AutoClose EURUSD,H1: ÐÞ¸ÄÊ§°Ü. Error code=4109
0	00:21:00.800	AutoClose EURUSD,H1: ÐÞ¸ÄÊ§°Ü. Error code=4109
0	00:21:01.174	AutoClose EURUSD,H1: ÐÞ¸ÄÊ§°Ü. Error code=4109
0	00:21:01.283	AutoClose EURUSD,H1: ÐÞ¸ÄÊ§°Ü. Error code=4109
0	00:21:01.346	AutoClose EURUSD,H1: ÐÞ¸ÄÊ§°Ü. Error code=4109
0	00:21:01.424	AutoClose EURUSD,H1: ÐÞ¸ÄÊ§°Ü. Error code=4109
0	00:21:01.798	AutoClose EURUSD,H1: ÐÞ¸ÄÊ§°Ü. Error code=4109
0	00:21:02.329	AutoClose EURUSD,H1: ÐÞ¸ÄÊ§°Ü. Error code=4109
0	00:21:03.483	AutoClose EURUSD,H1: ÐÞ¸ÄÊ§°Ü. Error code=4109
0	00:21:03.951	AutoClose EURUSD,H1: ÐÞ¸ÄÊ§°Ü. Error code=4109
0	00:21:04.216	AutoClose EURUSD,H1: ÐÞ¸ÄÊ§°Ü. Error code=4109
0	00:21:04.528	AutoClose EURUSD,H1: ÐÞ¸ÄÊ§°Ü. Error code=4109
0	00:21:05.839	AutoClose EURUSD,H1: ÐÞ¸ÄÊ§°Ü. Error code=4109
0	00:21:05.932	AutoClose EURUSD,H1: ÐÞ¸ÄÊ§°Ü. Error code=4109
0	00:21:06.672	AutoClose EURUSD,H1: uninit reason 2
0	00:21:06.672	Expert AutoClose EURUSD,H1: removed
0	00:21:06.688	Expert WooEA\AutoClose EURUSD,H1: loaded successfully
0	00:21:06.703	AutoClose EURUSD,H1: initialized
3	00:21:11.524	AutoClose EURUSD,H1: trade operations not allowed by settings
0	00:21:11.524	AutoClose EURUSD,H1: ÐÞ¸ÄÊ§°Ü. Error code=4109
0	00:21:11.586	AutoClose EURUSD,H1: ÐÞ¸ÄÊ§°Ü. Error code=4109
0	00:21:11.867	AutoClose EURUSD,H1: ÐÞ¸ÄÊ§°Ü. Error code=4109
0	00:21:14.269	AutoClose EURUSD,H1: ÐÞ¸ÄÊ§°Ü. Error code=4109
0	00:21:14.753	AutoClose EURUSD,H1: ÐÞ¸ÄÊ§°Ü. Error code=4109
0	00:21:14.847	AutoClose EURUSD,H1: ÐÞ¸ÄÊ§°Ü. Error code=4109
0	00:21:15.034	AutoClose EURUSD,H1: ÐÞ¸ÄÊ§°Ü. Error code=4109
0	00:21:16.516	AutoClose EURUSD,H1: ÐÞ¸ÄÊ§°Ü. Error code=4109
0	00:21:19.495	AutoClose EURUSD,H1: ÐÞ¸ÄÊ§°Ü. Error code=4109
0	00:21:21.320	AutoClose EURUSD,H1: ÐÞ¸ÄÊ§°Ü. Error code=4109
0	00:21:21.664	AutoClose EURUSD,H1: ÐÞ¸ÄÊ§°Ü. Error code=4109
0	00:21:21.726	AutoClose EURUSD,H1: ÐÞ¸ÄÊ§°Ü. Error code=4109
0	00:21:21.851	AutoClose EURUSD,H1: ÐÞ¸ÄÊ§°Ü. Error code=4109
0	00:21:22.210	AutoClose EURUSD,H1: ÐÞ¸ÄÊ§°Ü. Error code=4109
0	00:21:22.303	AutoClose EURUSD,H1: ÐÞ¸ÄÊ§°Ü. Error code=4109
0	00:21:22.444	AutoClose EURUSD,H1: ÐÞ¸ÄÊ§°Ü. Error code=4109
0	00:21:22.678	AutoClose EURUSD,H1: ÐÞ¸ÄÊ§°Ü. Error code=4109
0	00:21:23.302	AutoClose EURUSD,H1: ÐÞ¸ÄÊ§°Ü. Error code=4109
0	00:21:27.605	AutoClose EURUSD,H1: ÐÞ¸ÄÊ§°Ü. Error code=4109
0	00:21:27.745	AutoClose EURUSD,H1: ÐÞ¸ÄÊ§°Ü. Error code=4109
0	00:21:28.354	AutoClose EURUSD,H1: ÐÞ¸ÄÊ§°Ü. Error code=4109
0	00:21:28.556	AutoClose EURUSD,H1: ÐÞ¸ÄÊ§°Ü. Error code=4109
0	00:21:28.666	AutoClose EURUSD,H1: ÐÞ¸ÄÊ§°Ü. Error code=4109
0	00:21:29.695	AutoClose EURUSD,H1: ÐÞ¸ÄÊ§°Ü. Error code=4109
0	00:21:30.859	AutoClose EURUSD,H1: ÐÞ¸ÄÊ§°Ü. Error code=4109
0	00:21:30.941	AutoClose EURUSD,H1: ÐÞ¸ÄÊ§°Ü. Error code=4109
0	00:21:31.364	AutoClose EURUSD,H1: ÐÞ¸ÄÊ§°Ü. Error code=4109
0	00:21:31.646	AutoClose EURUSD,H1: ÐÞ¸ÄÊ§°Ü. Error code=4109
0	00:21:31.755	AutoClose EURUSD,H1: ÐÞ¸ÄÊ§°Ü. Error code=4109
0	00:21:35.612	AutoClose EURUSD,H1: ÐÞ¸ÄÊ§°Ü. Error code=4109
0	00:21:37.486	AutoClose EURUSD,H1: ÐÞ¸ÄÊ§°Ü. Error code=4109
0	00:21:37.573	AutoClose EURUSD,H1: ÐÞ¸ÄÊ§°Ü. Error code=4109
0	00:21:38.725	AutoClose EURUSD,H1: ÐÞ¸ÄÊ§°Ü. Error code=4109
0	00:21:39.462	AutoClose EURUSD,H1: ÐÞ¸ÄÊ§°Ü. Error code=4109
0	00:21:39.896	AutoClose EURUSD,H1: ÐÞ¸ÄÊ§°Ü. Error code=4109
0	00:21:41.581	AutoClose EURUSD,H1: ÐÞ¸ÄÊ§°Ü. Error code=4109
0	00:21:41.674	AutoClose EURUSD,H1: ÐÞ¸ÄÊ§°Ü. Error code=4109
0	00:21:42.212	AutoClose EURUSD,H1: ÐÞ¸ÄÊ§°Ü. Error code=4109
0	00:21:45.659	AutoClose EURUSD,H1: ÐÞ¸ÄÊ§°Ü. Error code=4109
0	00:21:45.831	AutoClose EURUSD,H1: ÐÞ¸ÄÊ§°Ü. Error code=4109
0	00:21:46.190	AutoClose EURUSD,H1: ÐÞ¸ÄÊ§°Ü. Error code=4109
0	00:21:46.314	AutoClose EURUSD,H1: ÐÞ¸ÄÊ§°Ü. Error code=4109
0	00:21:47.016	AutoClose EURUSD,H1: ÐÞ¸ÄÊ§°Ü. Error code=4109
0	00:21:47.079	AutoClose EURUSD,H1: ÐÞ¸ÄÊ§°Ü. Error code=4109
0	00:21:47.157	AutoClose EURUSD,H1: ÐÞ¸ÄÊ§°Ü. Error code=4109
0	00:21:47.266	AutoClose EURUSD,H1: ÐÞ¸ÄÊ§°Ü. Error code=4109
0	00:21:47.360	AutoClose EURUSD,H1: ÐÞ¸ÄÊ§°Ü. Error code=4109
0	00:21:50.714	AutoClose EURUSD,H1: ÐÞ¸ÄÊ§°Ü. Error code=4109
0	00:21:51.759	AutoClose EURUSD,H1: uninit reason 4
0	00:21:51.759	Expert AutoClose EURUSD,H1: removed
0	00:22:24.368	Expert WooEA\AutoClose EURUSD,H1: loaded successfully
0	00:22:27.238	AutoClose EURUSD,H1: initialized
2	00:22:29.001	AutoClose EURUSD,H1: modify #32603617 sell 0.01 EURUSD at 1.22205 sl: 1.22605 tp: 1.16205 ok
0	00:22:29.001	AutoClose EURUSD,H1: ÐÞ¸Ä³É¹¦
0	00:23:50.462	AutoClose EURUSD,H1: uninit reason 2
0	00:23:50.462	Expert AutoClose EURUSD,H1: removed
0	00:23:50.478	Expert WooEA\AutoClose EURUSD,H1: loaded successfully
0	00:23:50.509	AutoClose EURUSD,H1: initialized
0	00:24:12.883	AutoClose EURUSD,H1: uninit reason 2
0	00:24:12.883	Expert AutoClose EURUSD,H1: removed
0	00:24:12.898	Expert WooEA\AutoClose EURUSD,H1: loaded successfully
0	00:24:12.914	AutoClose EURUSD,H1: initialized
0	00:24:54.384	AutoClose EURUSD,H1: uninit reason 3
0	00:24:54.727	AutoClose EURUSD,M30: initialized
2	00:25:05.132	AutoClose EURUSD,M30: modify #32604034 sell 0.01 EURUSD at 1.22135 sl: 1.22335 tp: 1.16135 ok
0	00:25:05.132	AutoClose EURUSD,M30: ÐÞ¸Ä³É¹¦
0	00:25:53.827	AutoClose EURUSD,M30: uninit reason 3
0	00:25:56.136	AutoClose EURUSD,M1: initialized
0	00:26:08.329	AutoClose EURUSD,M1: uninit reason 3
0	00:26:09.390	AutoClose EURUSD,M15: initialized
0	00:30:10.369	AutoClose EURUSD,M15: uninit reason 3
0	00:30:10.681	AutoClose EURUSD,H1: initialized
0	00:32:01.688	AutoClose EURUSD,H1: uninit reason 2
0	00:32:01.703	Expert AutoClose EURUSD,H1: removed
0	00:32:01.735	Expert WooEA\AutoClose EURUSD,H1: loaded successfully
0	00:32:01.750	AutoClose EURUSD,H1: initialized
0	00:34:29.307	Expert WooEA\AutoClose USDJPY,H1: loaded successfully
0	00:34:31.335	AutoClose USDJPY,H1: initialized
0	00:34:35.172	Expert WooEA\AutoClose GBPUSD,H1: loaded successfully
0	00:34:37.200	AutoClose GBPUSD,H1: initialized
0	00:40:57.726	AutoClose USDJPY,H1: uninit reason 1
0	00:40:57.742	Expert AutoClose USDJPY,H1: removed
0	00:40:57.757	Expert WooEA\AutoCloseUSDJPY USDJPY,H1: loaded successfully
0	00:41:02.203	AutoCloseUSDJPY USDJPY,H1: initialized
0	00:44:29.818	AutoClose EURUSD,H1: uninit reason 4
0	00:44:29.818	Expert AutoClose EURUSD,H1: removed
0	00:44:31.081	AutoCloseUSDJPY USDJPY,H1: uninit reason 4
0	00:44:31.081	Expert AutoCloseUSDJPY USDJPY,H1: removed
0	00:44:32.501	AutoClose GBPUSD,H1: uninit reason 4
0	00:44:32.516	Expert AutoClose GBPUSD,H1: removed
0	00:44:49.332	Expert WooEA\AutoClose USDJPY,H1: loaded successfully
0	00:44:51.953	AutoClose USDJPY,H1: initialized
0	00:45:37.597	AutoClose USDJPY,H1: uninit reason 4
0	00:45:37.597	Expert AutoClose USDJPY,H1: removed
0	00:45:45.928	Expert WooEA\AutoClose EURUSD,H1: loaded successfully
0	00:45:48.580	AutoClose EURUSD,H1: initialized
0	00:45:57.893	AutoClose EURUSD,H1: uninit reason 4
0	00:45:57.908	Expert AutoClose EURUSD,H1: removed
